<?xml version="1.0" encoding="UTF-8"?>
<!-- Generated by org.testng.reporters.JUnitReportReporter -->
<testsuite skipped="0" hostname="Imtiaz" name="com.dummy.testcases.LoginTest" tests="1" failures="0" timestamp="17 Apr 2019 05:07:47 GMT" time="0.016" errors="0">
  <testcase name="loginTest" time="0.016" classname="com.dummy.testcases.LoginTest"/>
</testsuite> <!-- com.dummy.testcases.LoginTest -->
